<?xml version="1.0" encoding="UTF-8"?>
<!-- Generated by org.testng.reporters.JUnitReportReporter -->
<testsuite hostname="Sasi" failures="0" tests="1" name="Scripts.TestCase1" time="91.600" errors="0" timestamp="2023-08-03T07:11:26 IST" skipped="0">
  <testcase classname="Scripts.TestCase1" name="tc1" time="91.600"/>
</testsuite> <!-- Scripts.TestCase1 -->
