<?xml version="1.0" encoding="UTF-8"?>
<!-- Generated by org.testng.reporters.JUnitReportReporter -->
<testsuite hostname="Sasi" failures="0" tests="1" name="Scripts.TestCase111" time="91.966" errors="0" timestamp="2023-08-05T06:41:07 IST" skipped="0">
  <testcase classname="Scripts.TestCase111" name="tc11" time="91.966"/>
</testsuite> <!-- Scripts.TestCase111 -->
